This is pdfTeX, Version 3.1415926-2.4-1.40.13 (MiKTeX 2.9) (preloaded format=pdflatex 2013.10.1)  26 FEB 2015 12:02
entering extended mode
**C:/Users/Jacob/Documents/cs180-projects/tex/CS180*HW3.tex
("C:/Users/Jacob/Documents/cs180-projects/tex/CS180 HW3.tex"
LaTeX2e <2011/06/27>
Babel <v3.8m> and hyphenation patterns for english, afrikaans, ancientgreek, ar
abic, armenian, assamese, basque, bengali, bokmal, bulgarian, catalan, coptic, 
croatian, czech, danish, dutch, esperanto, estonian, farsi, finnish, french, ga
lician, german, german-x-2012-05-30, greek, gujarati, hindi, hungarian, iceland
ic, indonesian, interlingua, irish, italian, kannada, kurmanji, latin, latvian,
 lithuanian, malayalam, marathi, mongolian, mongolianlmc, monogreek, ngerman, n
german-x-2012-05-30, nynorsk, oriya, panjabi, pinyin, polish, portuguese, roman
ian, russian, sanskrit, serbian, slovak, slovenian, spanish, swedish, swissgerm
an, tamil, telugu, turkish, turkmen, ukenglish, ukrainian, uppersorbian, usengl
ishmax, welsh, loaded.
("C:\Program Files\MiKTeX\tex\latex\base\article.cls"
Document Class: article 2007/10/19 v1.4h Standard LaTeX document class
("C:\Program Files\MiKTeX\tex\latex\base\size12.clo"
File: size12.clo 2007/10/19 v1.4h Standard LaTeX file (size option)
)
\c@part=\count79
\c@section=\count80
\c@subsection=\count81
\c@subsubsection=\count82
\c@paragraph=\count83
\c@subparagraph=\count84
\c@figure=\count85
\c@table=\count86
\abovecaptionskip=\skip41
\belowcaptionskip=\skip42
\bibindent=\dimen102
)
("C:\Program Files\MiKTeX\tex\latex\geometry\geometry.sty"
Package: geometry 2010/09/12 v5.6 Page Geometry

("C:\Program Files\MiKTeX\tex\latex\graphics\keyval.sty"
Package: keyval 1999/03/16 v1.13 key=value parser (DPC)
\KV@toks@=\toks14
)
("C:\Program Files\MiKTeX\tex\generic\oberdiek\ifpdf.sty"
Package: ifpdf 2011/01/30 v2.3 Provides the ifpdf switch (HO)
Package ifpdf Info: pdfTeX in PDF mode is detected.
)
("C:\Program Files\MiKTeX\tex\generic\oberdiek\ifvtex.sty"
Package: ifvtex 2010/03/01 v1.5 Detect VTeX and its facilities (HO)
Package ifvtex Info: VTeX not detected.
)
("C:\Program Files\MiKTeX\tex\generic\ifxetex\ifxetex.sty"
Package: ifxetex 2010/09/12 v0.6 Provides ifxetex conditional
)
\Gm@cnth=\count87
\Gm@cntv=\count88
\c@Gm@tempcnt=\count89
\Gm@bindingoffset=\dimen103
\Gm@wd@mp=\dimen104
\Gm@odd@mp=\dimen105
\Gm@even@mp=\dimen106
\Gm@layoutwidth=\dimen107
\Gm@layoutheight=\dimen108
\Gm@layouthoffset=\dimen109
\Gm@layoutvoffset=\dimen110
\Gm@dimlist=\toks15

("C:\Program Files\MiKTeX\tex\latex\geometry\geometry.cfg"))
("C:\Program Files\MiKTeX\tex\latex\tools\enumerate.sty"
Package: enumerate 1999/03/05 v3.00 enumerate extensions (DPC)
\@enLab=\toks16
)
("C:\Program Files (x86)\MiKTeX 2.9\tex\latex\koma-script\scrextend.sty"
Package: scrextend 2015/01/14 v3.15 KOMA-Script package (extend other classes w
ith features of KOMA-Script classes)

("C:\Program Files (x86)\MiKTeX 2.9\tex\latex\koma-script\scrkbase.sty"
Package: scrkbase 2015/01/14 v3.15 KOMA-Script package (KOMA-Script-dependent b
asics and keyval usage)

("C:\Program Files (x86)\MiKTeX 2.9\tex\latex\koma-script\scrbase.sty"
Package: scrbase 2015/01/14 v3.15 KOMA-Script package (KOMA-Script-independent 
basics and keyval usage)

("C:\Program Files (x86)\MiKTeX 2.9\tex\latex\koma-script\scrlfile.sty"
Package: scrlfile 2015/01/14 v3.15 KOMA-Script package (loading files)

Package scrlfile, 2015/01/14 v3.15 KOMA-Script package (loading files)
                  Copyright (C) Markus Kohm

)))) ("C:\Program Files (x86)\MiKTeX 2.9\tex\latex\filecontents\filecontents.st
y"
Package: filecontents 2011/10/08 v1.3 Create an external file from within a LaT
eX document
) ("C:\Program Files (x86)\MiKTeX 2.9\tex\latex\pgf\frontendlayer\tikz.sty"
("C:\Program Files (x86)\MiKTeX 2.9\tex\latex\pgf\basiclayer\pgf.sty"
("C:\Program Files (x86)\MiKTeX 2.9\tex\latex\pgf\utilities\pgfrcs.sty"
("C:\Program Files (x86)\MiKTeX 2.9\tex\generic\pgf\utilities\pgfutil-common.te
x"
\pgfutil@everybye=\toks17
\pgfutil@tempdima=\dimen111
\pgfutil@tempdimb=\dimen112

("C:\Program Files (x86)\MiKTeX 2.9\tex\generic\pgf\utilities\pgfutil-common-li
sts.tex"))
("C:\Program Files (x86)\MiKTeX 2.9\tex\generic\pgf\utilities\pgfutil-latex.def
"
\pgfutil@abb=\box26
 ("C:\Program Files (x86)\MiKTeX 2.9\tex\latex\ms\everyshi.sty"
Package: everyshi 2001/05/15 v3.00 EveryShipout Package (MS)
))
("C:\Program Files (x86)\MiKTeX 2.9\tex\generic\pgf\utilities\pgfrcs.code.tex"
Package: pgfrcs 2013/12/20 v3.0.0 (rcs-revision 1.28)
))
Package: pgf 2013/12/18 v3.0.0 (rcs-revision 1.14)
 ("C:\Program Files (x86)\MiKTeX 2.9\tex\latex\pgf\basiclayer\pgfcore.sty"
("C:\Program Files\MiKTeX\tex\latex\graphics\graphicx.sty"
Package: graphicx 1999/02/16 v1.0f Enhanced LaTeX Graphics (DPC,SPQR)

("C:\Program Files\MiKTeX\tex\latex\graphics\graphics.sty"
Package: graphics 2009/02/05 v1.0o Standard LaTeX Graphics (DPC,SPQR)

("C:\Program Files\MiKTeX\tex\latex\graphics\trig.sty"
Package: trig 1999/03/16 v1.09 sin cos tan (DPC)
)
("C:\Program Files\MiKTeX\tex\latex\00miktex\graphics.cfg"
File: graphics.cfg 2007/01/18 v1.5 graphics configuration of teTeX/TeXLive
)
Package graphics Info: Driver file: pdftex.def on input line 91.

("C:\Program Files\MiKTeX\tex\latex\pdftex-def\pdftex.def"
File: pdftex.def 2011/05/27 v0.06d Graphics/color for pdfTeX

("C:\Program Files\MiKTeX\tex\generic\oberdiek\infwarerr.sty"
Package: infwarerr 2010/04/08 v1.3 Providing info/warning/error messages (HO)
)
("C:\Program Files\MiKTeX\tex\generic\oberdiek\ltxcmds.sty"
Package: ltxcmds 2011/11/09 v1.22 LaTeX kernel commands for general use (HO)
)
\Gread@gobject=\count90
))
\Gin@req@height=\dimen113
\Gin@req@width=\dimen114
)
("C:\Program Files (x86)\MiKTeX 2.9\tex\latex\pgf\systemlayer\pgfsys.sty"
("C:\Program Files (x86)\MiKTeX 2.9\tex\generic\pgf\systemlayer\pgfsys.code.tex
"
Package: pgfsys 2013/11/30 v3.0.0 (rcs-revision 1.47)
 ("C:\Program Files (x86)\MiKTeX 2.9\tex\generic\pgf\utilities\pgfkeys.code.tex
"
\pgfkeys@pathtoks=\toks18
\pgfkeys@temptoks=\toks19

("C:\Program Files (x86)\MiKTeX 2.9\tex\generic\pgf\utilities\pgfkeysfiltered.c
ode.tex"
\pgfkeys@tmptoks=\toks20
))
\pgf@x=\dimen115
\pgf@y=\dimen116
\pgf@xa=\dimen117
\pgf@ya=\dimen118
\pgf@xb=\dimen119
\pgf@yb=\dimen120
\pgf@xc=\dimen121
\pgf@yc=\dimen122
\w@pgf@writea=\write3
\r@pgf@reada=\read1
\c@pgf@counta=\count91
\c@pgf@countb=\count92
\c@pgf@countc=\count93
\c@pgf@countd=\count94
\t@pgf@toka=\toks21
\t@pgf@tokb=\toks22
\t@pgf@tokc=\toks23

("C:\Program Files (x86)\MiKTeX 2.9\tex\generic\pgf\systemlayer\pgf.cfg"
File: pgf.cfg 2008/05/14  (rcs-revision 1.7)
)
Driver file for pgf: pgfsys-pdftex.def

("C:\Program Files (x86)\MiKTeX 2.9\tex\generic\pgf\systemlayer\pgfsys-pdftex.d
ef"
File: pgfsys-pdftex.def 2013/07/18  (rcs-revision 1.33)

("C:\Program Files (x86)\MiKTeX 2.9\tex\generic\pgf\systemlayer\pgfsys-common-p
df.def"
File: pgfsys-common-pdf.def 2013/10/10  (rcs-revision 1.13)
)))
("C:\Program Files (x86)\MiKTeX 2.9\tex\generic\pgf\systemlayer\pgfsyssoftpath.
code.tex"
File: pgfsyssoftpath.code.tex 2013/09/09  (rcs-revision 1.9)
\pgfsyssoftpath@smallbuffer@items=\count95
\pgfsyssoftpath@bigbuffer@items=\count96
)
("C:\Program Files (x86)\MiKTeX 2.9\tex\generic\pgf\systemlayer\pgfsysprotocol.
code.tex"
File: pgfsysprotocol.code.tex 2006/10/16  (rcs-revision 1.4)
)) ("C:\Program Files (x86)\MiKTeX 2.9\tex\latex\xcolor\xcolor.sty"
Package: xcolor 2007/01/21 v2.11 LaTeX color extensions (UK)

("C:\Program Files\MiKTeX\tex\latex\00miktex\color.cfg"
File: color.cfg 2007/01/18 v1.5 color configuration of teTeX/TeXLive
)
Package xcolor Info: Driver file: pdftex.def on input line 225.
Package xcolor Info: Model `cmy' substituted by `cmy0' on input line 1337.
Package xcolor Info: Model `hsb' substituted by `rgb' on input line 1341.
Package xcolor Info: Model `RGB' extended on input line 1353.
Package xcolor Info: Model `HTML' substituted by `rgb' on input line 1355.
Package xcolor Info: Model `Hsb' substituted by `hsb' on input line 1356.
Package xcolor Info: Model `tHsb' substituted by `hsb' on input line 1357.
Package xcolor Info: Model `HSB' substituted by `hsb' on input line 1358.
Package xcolor Info: Model `Gray' substituted by `gray' on input line 1359.
Package xcolor Info: Model `wave' substituted by `hsb' on input line 1360.
)
("C:\Program Files (x86)\MiKTeX 2.9\tex\generic\pgf\basiclayer\pgfcore.code.tex
"
Package: pgfcore 2010/04/11 v3.0.0 (rcs-revision 1.7)
 ("C:\Program Files (x86)\MiKTeX 2.9\tex\generic\pgf\math\pgfmath.code.tex"
("C:\Program Files (x86)\MiKTeX 2.9\tex\generic\pgf\math\pgfmathcalc.code.tex"
("C:\Program Files (x86)\MiKTeX 2.9\tex\generic\pgf\math\pgfmathutil.code.tex")
("C:\Program Files (x86)\MiKTeX 2.9\tex\generic\pgf\math\pgfmathparser.code.tex
"
\pgfmath@dimen=\dimen123
\pgfmath@count=\count97
\pgfmath@box=\box27
\pgfmath@toks=\toks24
\pgfmath@stack@operand=\toks25
\pgfmath@stack@operation=\toks26
)
("C:\Program Files (x86)\MiKTeX 2.9\tex\generic\pgf\math\pgfmathfunctions.code.
tex"
("C:\Program Files (x86)\MiKTeX 2.9\tex\generic\pgf\math\pgfmathfunctions.basic
.code.tex")
("C:\Program Files (x86)\MiKTeX 2.9\tex\generic\pgf\math\pgfmathfunctions.trigo
nometric.code.tex")
("C:\Program Files (x86)\MiKTeX 2.9\tex\generic\pgf\math\pgfmathfunctions.rando
m.code.tex")
("C:\Program Files (x86)\MiKTeX 2.9\tex\generic\pgf\math\pgfmathfunctions.compa
rison.code.tex")
("C:\Program Files (x86)\MiKTeX 2.9\tex\generic\pgf\math\pgfmathfunctions.base.
code.tex")
("C:\Program Files (x86)\MiKTeX 2.9\tex\generic\pgf\math\pgfmathfunctions.round
.code.tex")
("C:\Program Files (x86)\MiKTeX 2.9\tex\generic\pgf\math\pgfmathfunctions.misc.
code.tex")
("C:\Program Files (x86)\MiKTeX 2.9\tex\generic\pgf\math\pgfmathfunctions.integ
erarithmetics.code.tex")))
("C:\Program Files (x86)\MiKTeX 2.9\tex\generic\pgf\math\pgfmathfloat.code.tex"
\c@pgfmathroundto@lastzeros=\count98
))
("C:\Program Files (x86)\MiKTeX 2.9\tex\generic\pgf\basiclayer\pgfcorepoints.co
de.tex"
File: pgfcorepoints.code.tex 2013/10/07  (rcs-revision 1.27)
\pgf@picminx=\dimen124
\pgf@picmaxx=\dimen125
\pgf@picminy=\dimen126
\pgf@picmaxy=\dimen127
\pgf@pathminx=\dimen128
\pgf@pathmaxx=\dimen129
\pgf@pathminy=\dimen130
\pgf@pathmaxy=\dimen131
\pgf@xx=\dimen132
\pgf@xy=\dimen133
\pgf@yx=\dimen134
\pgf@yy=\dimen135
\pgf@zx=\dimen136
\pgf@zy=\dimen137
)
("C:\Program Files (x86)\MiKTeX 2.9\tex\generic\pgf\basiclayer\pgfcorepathconst
ruct.code.tex"
File: pgfcorepathconstruct.code.tex 2013/10/07  (rcs-revision 1.29)
\pgf@path@lastx=\dimen138
\pgf@path@lasty=\dimen139
)
("C:\Program Files (x86)\MiKTeX 2.9\tex\generic\pgf\basiclayer\pgfcorepathusage
.code.tex"
File: pgfcorepathusage.code.tex 2013/12/13  (rcs-revision 1.23)
\pgf@shorten@end@additional=\dimen140
\pgf@shorten@start@additional=\dimen141
)
("C:\Program Files (x86)\MiKTeX 2.9\tex\generic\pgf\basiclayer\pgfcorescopes.co
de.tex"
File: pgfcorescopes.code.tex 2013/10/09  (rcs-revision 1.44)
\pgfpic=\box28
\pgf@hbox=\box29
\pgf@layerbox@main=\box30
\pgf@picture@serial@count=\count99
)
("C:\Program Files (x86)\MiKTeX 2.9\tex\generic\pgf\basiclayer\pgfcoregraphicst
ate.code.tex"
File: pgfcoregraphicstate.code.tex 2013/09/19  (rcs-revision 1.11)
\pgflinewidth=\dimen142
)
("C:\Program Files (x86)\MiKTeX 2.9\tex\generic\pgf\basiclayer\pgfcoretransform
ations.code.tex"
File: pgfcoretransformations.code.tex 2013/10/10  (rcs-revision 1.17)
\pgf@pt@x=\dimen143
\pgf@pt@y=\dimen144
\pgf@pt@temp=\dimen145
)
("C:\Program Files (x86)\MiKTeX 2.9\tex\generic\pgf\basiclayer\pgfcorequick.cod
e.tex"
File: pgfcorequick.code.tex 2008/10/09  (rcs-revision 1.3)
)
("C:\Program Files (x86)\MiKTeX 2.9\tex\generic\pgf\basiclayer\pgfcoreobjects.c
ode.tex"
File: pgfcoreobjects.code.tex 2006/10/11  (rcs-revision 1.2)
)
("C:\Program Files (x86)\MiKTeX 2.9\tex\generic\pgf\basiclayer\pgfcorepathproce
ssing.code.tex"
File: pgfcorepathprocessing.code.tex 2013/09/09  (rcs-revision 1.9)
)
("C:\Program Files (x86)\MiKTeX 2.9\tex\generic\pgf\basiclayer\pgfcorearrows.co
de.tex"
File: pgfcorearrows.code.tex 2013/11/07  (rcs-revision 1.40)
\pgfarrowsep=\dimen146
)
("C:\Program Files (x86)\MiKTeX 2.9\tex\generic\pgf\basiclayer\pgfcoreshade.cod
e.tex"
File: pgfcoreshade.code.tex 2013/07/15  (rcs-revision 1.15)
\pgf@max=\dimen147
\pgf@sys@shading@range@num=\count100
)
("C:\Program Files (x86)\MiKTeX 2.9\tex\generic\pgf\basiclayer\pgfcoreimage.cod
e.tex"
File: pgfcoreimage.code.tex 2013/07/15  (rcs-revision 1.18)

("C:\Program Files (x86)\MiKTeX 2.9\tex\generic\pgf\basiclayer\pgfcoreexternal.
code.tex"
File: pgfcoreexternal.code.tex 2013/07/15  (rcs-revision 1.20)
\pgfexternal@startupbox=\box31
))
("C:\Program Files (x86)\MiKTeX 2.9\tex\generic\pgf\basiclayer\pgfcorelayers.co
de.tex"
File: pgfcorelayers.code.tex 2013/07/18  (rcs-revision 1.7)
)
("C:\Program Files (x86)\MiKTeX 2.9\tex\generic\pgf\basiclayer\pgfcoretranspare
ncy.code.tex"
File: pgfcoretransparency.code.tex 2013/09/30  (rcs-revision 1.5)
)
("C:\Program Files (x86)\MiKTeX 2.9\tex\generic\pgf\basiclayer\pgfcorepatterns.
code.tex"
File: pgfcorepatterns.code.tex 2013/11/07  (rcs-revision 1.5)
)))
("C:\Program Files (x86)\MiKTeX 2.9\tex\generic\pgf\modules\pgfmoduleshapes.cod
e.tex"
File: pgfmoduleshapes.code.tex 2013/10/31  (rcs-revision 1.34)
\pgfnodeparttextbox=\box32
)
("C:\Program Files (x86)\MiKTeX 2.9\tex\generic\pgf\modules\pgfmoduleplot.code.
tex"
File: pgfmoduleplot.code.tex 2013/07/31  (rcs-revision 1.12)
)
("C:\Program Files (x86)\MiKTeX 2.9\tex\latex\pgf\compatibility\pgfcomp-version
-0-65.sty"
Package: pgfcomp-version-0-65 2007/07/03 v3.0.0 (rcs-revision 1.7)
\pgf@nodesepstart=\dimen148
\pgf@nodesepend=\dimen149
)
("C:\Program Files (x86)\MiKTeX 2.9\tex\latex\pgf\compatibility\pgfcomp-version
-1-18.sty"
Package: pgfcomp-version-1-18 2007/07/23 v3.0.0 (rcs-revision 1.1)
))
("C:\Program Files (x86)\MiKTeX 2.9\tex\latex\pgf\utilities\pgffor.sty"
("C:\Program Files (x86)\MiKTeX 2.9\tex\latex\pgf\utilities\pgfkeys.sty"
("C:\Program Files (x86)\MiKTeX 2.9\tex\generic\pgf\utilities\pgfkeys.code.tex"
)) ("C:\Program Files (x86)\MiKTeX 2.9\tex\latex\pgf\math\pgfmath.sty"
("C:\Program Files (x86)\MiKTeX 2.9\tex\generic\pgf\math\pgfmath.code.tex"))
("C:\Program Files (x86)\MiKTeX 2.9\tex\generic\pgf\utilities\pgffor.code.tex"
Package: pgffor 2013/12/13 v3.0.0 (rcs-revision 1.25)

("C:\Program Files (x86)\MiKTeX 2.9\tex\generic\pgf\math\pgfmath.code.tex")
\pgffor@iter=\dimen150
\pgffor@skip=\dimen151
\pgffor@stack=\toks27
\pgffor@toks=\toks28
))
("C:\Program Files (x86)\MiKTeX 2.9\tex\generic\pgf\frontendlayer\tikz\tikz.cod
e.tex"
Package: tikz 2013/12/13 v3.0.0 (rcs-revision 1.142)

("C:\Program Files (x86)\MiKTeX 2.9\tex\generic\pgf\libraries\pgflibraryplothan
dlers.code.tex"
File: pgflibraryplothandlers.code.tex 2013/08/31 v3.0.0 (rcs-revision 1.20)
\pgf@plot@mark@count=\count101
\pgfplotmarksize=\dimen152
)
\tikz@lastx=\dimen153
\tikz@lasty=\dimen154
\tikz@lastxsaved=\dimen155
\tikz@lastysaved=\dimen156
\tikzleveldistance=\dimen157
\tikzsiblingdistance=\dimen158
\tikz@figbox=\box33
\tikz@figbox@bg=\box34
\tikz@tempbox=\box35
\tikz@tempbox@bg=\box36
\tikztreelevel=\count102
\tikznumberofchildren=\count103
\tikznumberofcurrentchild=\count104
\tikz@fig@count=\count105

("C:\Program Files (x86)\MiKTeX 2.9\tex\generic\pgf\modules\pgfmodulematrix.cod
e.tex"
File: pgfmodulematrix.code.tex 2013/09/17  (rcs-revision 1.8)
\pgfmatrixcurrentrow=\count106
\pgfmatrixcurrentcolumn=\count107
\pgf@matrix@numberofcolumns=\count108
)
\tikz@expandcount=\count109

("C:\Program Files (x86)\MiKTeX 2.9\tex\generic\pgf\frontendlayer\tikz\librarie
s\tikzlibrarytopaths.code.tex"
File: tikzlibrarytopaths.code.tex 2008/06/17 v3.0.0 (rcs-revision 1.2)
)))
("C:\Program Files (x86)\MiKTeX 2.9\tex\latex\pgfplots\pgfplots.sty"
("C:\Program Files (x86)\MiKTeX 2.9\tex\generic\pgfplots\pgfplots.revision.tex"
)
Package: pgfplots 2014/08/04 v1.11 Data Visualization (1.11-3-g4c99d7a)
 ("C:\Program Files (x86)\MiKTeX 2.9\tex\generic\pgfplots\pgfplots.code.tex"
("C:\Program Files (x86)\MiKTeX 2.9\tex\generic\pgfplots\pgfplotscore.code.tex"
\t@pgfplots@toka=\toks29
\t@pgfplots@tokb=\toks30
\t@pgfplots@tokc=\toks31
\pgfplots@tmpa=\dimen159
\c@pgfplots@coordindex=\count110
\c@pgfplots@scanlineindex=\count111

("C:\Program Files (x86)\MiKTeX 2.9\tex\generic\pgfplots\sys\pgfplotssysgeneric
.code.tex"))
("C:\Program Files (x86)\MiKTeX 2.9\tex\generic\pgfplots\libs\pgfplotslibrary.c
ode.tex")
("C:\Program Files (x86)\MiKTeX 2.9\tex\generic\pgfplots\oldpgfcompatib\pgfplot
soldpgfsupp_loader.code.tex"
("C:\Program Files (x86)\MiKTeX 2.9\tex\generic\pgf\libraries\pgflibraryfpu.cod
e.tex")
("C:\Program Files (x86)\MiKTeX 2.9\tex\generic\pgfplots\oldpgfcompatib\pgfplot
soldpgfsupp_trig_format.code.tex"))
("C:\Program Files (x86)\MiKTeX 2.9\tex\generic\pgfplots\util\pgfplotsutil.code
.tex"
("C:\Program Files (x86)\MiKTeX 2.9\tex\generic\pgfplots\liststructure\pgfplots
liststructure.code.tex")
("C:\Program Files (x86)\MiKTeX 2.9\tex\generic\pgfplots\liststructure\pgfplots
liststructureext.code.tex")
("C:\Program Files (x86)\MiKTeX 2.9\tex\generic\pgfplots\liststructure\pgfplots
array.code.tex"
\c@pgfplotsarray@tmp=\count112
)
("C:\Program Files (x86)\MiKTeX 2.9\tex\generic\pgfplots\liststructure\pgfplots
matrix.code.tex")
("C:\Program Files (x86)\MiKTeX 2.9\tex\generic\pgfplots\numtable\pgfplotstable
shared.code.tex"
\c@pgfplotstable@counta=\count113
\t@pgfplotstable@a=\toks32
)
("C:\Program Files (x86)\MiKTeX 2.9\tex\generic\pgfplots\liststructure\pgfplots
deque.code.tex")
("C:\Program Files (x86)\MiKTeX 2.9\tex\generic\pgfplots\util\pgfplotsbinary.co
de.tex"
("C:\Program Files (x86)\MiKTeX 2.9\tex\generic\pgfplots\util\pgfplotsbinary.da
ta.code.tex"))
("C:\Program Files (x86)\MiKTeX 2.9\tex\generic\pgfplots\util\pgfplotsutil.verb
.code.tex")
("C:\Program Files (x86)\MiKTeX 2.9\tex\generic\pgfplots\libs\pgflibrarypgfplot
s.surfshading.code.tex"
\c@pgfplotslibrarysurf@no=\count114

("C:\Program Files (x86)\MiKTeX 2.9\tex\generic\pgfplots\sys\pgflibrarypgfplots
.surfshading.pgfsys-pdftex.def")))
("C:\Program Files (x86)\MiKTeX 2.9\tex\generic\pgfplots\util\pgfplotscolormap.
code.tex"
("C:\Program Files (x86)\MiKTeX 2.9\tex\generic\pgfplots\util\pgfplotscolor.cod
e.tex"))
("C:\Program Files (x86)\MiKTeX 2.9\tex\generic\pgfplots\pgfplotsstackedplots.c
ode.tex")
("C:\Program Files (x86)\MiKTeX 2.9\tex\generic\pgfplots\pgfplotsplothandlers.c
ode.tex"
("C:\Program Files (x86)\MiKTeX 2.9\tex\generic\pgfplots\pgfplotsmeshplothandle
r.code.tex"))
("C:\Program Files (x86)\MiKTeX 2.9\tex\generic\pgfplots\pgfplots.scaling.code.
tex")
("C:\Program Files (x86)\MiKTeX 2.9\tex\generic\pgfplots\pgfplotscoordprocessin
g.code.tex")
("C:\Program Files (x86)\MiKTeX 2.9\tex\generic\pgfplots\pgfplots.errorbars.cod
e.tex")
("C:\Program Files (x86)\MiKTeX 2.9\tex\generic\pgfplots\pgfplots.markers.code.
tex")
("C:\Program Files (x86)\MiKTeX 2.9\tex\generic\pgfplots\pgfplotsticks.code.tex
")
("C:\Program Files (x86)\MiKTeX 2.9\tex\generic\pgfplots\pgfplots.paths.code.te
x")
("C:\Program Files (x86)\MiKTeX 2.9\tex\generic\pgf\frontendlayer\tikz\librarie
s\tikzlibrarydecorations.code.tex"
("C:\Program Files (x86)\MiKTeX 2.9\tex\generic\pgf\modules\pgfmoduledecoration
s.code.tex"
\pgfdecoratedcompleteddistance=\dimen160
\pgfdecoratedremainingdistance=\dimen161
\pgfdecoratedinputsegmentcompleteddistance=\dimen162
\pgfdecoratedinputsegmentremainingdistance=\dimen163
\pgf@decorate@distancetomove=\dimen164
\pgf@decorate@repeatstate=\count115
\pgfdecorationsegmentamplitude=\dimen165
\pgfdecorationsegmentlength=\dimen166
)
\tikz@lib@dec@box=\box37
)
("C:\Program Files (x86)\MiKTeX 2.9\tex\generic\pgf\frontendlayer\tikz\librarie
s\tikzlibrarydecorations.pathmorphing.code.tex"
("C:\Program Files (x86)\MiKTeX 2.9\tex\generic\pgf\libraries\decorations\pgfli
brarydecorations.pathmorphing.code.tex"))
("C:\Program Files (x86)\MiKTeX 2.9\tex\generic\pgf\frontendlayer\tikz\librarie
s\tikzlibrarydecorations.pathreplacing.code.tex"
("C:\Program Files (x86)\MiKTeX 2.9\tex\generic\pgf\libraries\decorations\pgfli
brarydecorations.pathreplacing.code.tex"))
\pgfplots@numplots=\count116
\pgfplots@xmin@reg=\dimen167
\pgfplots@xmax@reg=\dimen168
\pgfplots@ymin@reg=\dimen169
\pgfplots@ymax@reg=\dimen170
\pgfplots@zmin@reg=\dimen171
\pgfplots@zmax@reg=\dimen172
)
("C:\Program Files (x86)\MiKTeX 2.9\tex\generic\pgf\frontendlayer\tikz\librarie
s\tikzlibraryplotmarks.code.tex"
File: tikzlibraryplotmarks.code.tex 2008/01/09 v3.0.0 (rcs-revision 1.1)

("C:\Program Files (x86)\MiKTeX 2.9\tex\generic\pgf\libraries\pgflibraryplotmar
ks.code.tex"
File: pgflibraryplotmarks.code.tex 2013/07/20 v3.0.0 (rcs-revision 1.13)
)))
("C:\Program Files (x86)\MiKTeX 2.9\tex\latex\listings\listings.sty"
\lst@mode=\count117
\lst@gtempboxa=\box38
\lst@token=\toks33
\lst@length=\count118
\lst@currlwidth=\dimen173
\lst@column=\count119
\lst@pos=\count120
\lst@lostspace=\dimen174
\lst@width=\dimen175
\lst@newlines=\count121
\lst@lineno=\count122
\lst@maxwidth=\dimen176

("C:\Program Files (x86)\MiKTeX 2.9\tex\latex\listings\lstmisc.sty"
File: lstmisc.sty 2014/09/06 1.5e (Carsten Heinz)
\c@lstnumber=\count123
\lst@skipnumbers=\count124
\lst@framebox=\box39
)
("C:\Program Files (x86)\MiKTeX 2.9\tex\latex\listings\listings.cfg"
File: listings.cfg 2014/09/06 1.5e listings configuration
))
Package: listings 2014/09/06 1.5e (Carsten Heinz)

("C:\Program Files (x86)\MiKTeX 2.9\tex\latex\svg\svg.sty"
Package: svg 2012/09/05 v1.0 SVG inclusion and extraction

("C:\Program Files\MiKTeX\tex\latex\xkeyval\xkeyval.sty"
Package: xkeyval 2012/10/14 v2.6b package option processing (HA)

("C:\Program Files\MiKTeX\tex\generic\xkeyval\xkeyval.tex"
\XKV@toks=\toks34
\XKV@tempa@toks=\toks35
\XKV@depth=\count125
File: xkeyval.tex 2012/10/14 v2.6b key=value parser (HA)
))
("C:\Program Files (x86)\MiKTeX 2.9\tex\latex\subfig\subfig.sty"
Package: subfig 2005/06/28 ver: 1.3 subfig package

("C:\Program Files (x86)\MiKTeX 2.9\tex\latex\caption\caption.sty"
Package: caption 2013/05/02 v3.3-89 Customizing captions (AR)

("C:\Program Files (x86)\MiKTeX 2.9\tex\latex\caption\caption3.sty"
Package: caption3 2013/05/02 v1.6-88 caption3 kernel (AR)
Package caption3 Info: TeX engine: e-TeX on input line 57.
\captionmargin=\dimen177
\captionmargin@=\dimen178
\captionwidth=\dimen179
\caption@tempdima=\dimen180
\caption@indent=\dimen181
\caption@parindent=\dimen182
\caption@hangindent=\dimen183
)
\c@ContinuedFloat=\count126
Package caption Info: listings package is loaded.
)
\c@KVtest=\count127
\sf@farskip=\skip43
\sf@captopadj=\dimen184
\sf@capskip=\skip44
\sf@nearskip=\skip45
\c@subfigure=\count128
\c@subfigure@save=\count129
\c@lofdepth=\count130
\c@subtable=\count131
\c@subtable@save=\count132
\c@lotdepth=\count133
\sf@top=\skip46
\sf@bottom=\skip47
)
("C:\Program Files (x86)\MiKTeX 2.9\tex\latex\import\import.sty"
Package: import 2009/03/23  v 5.1
)
("C:\Program Files\MiKTeX\tex\latex\oberdiek\transparent.sty"
Package: transparent 2007/01/08 v1.0 Transparency via pdfTeX's color stack (HO)


("C:\Program Files\MiKTeX\tex\latex\oberdiek\auxhook.sty"
Package: auxhook 2011/03/04 v1.3 Hooks for auxiliary files (HO)
))
\SVG@out@width=\skip48
\SVG@out@height=\skip49
\c@svgfigure=\count134
)
("C:\Users\Jacob\Documents\cs180-projects\tex\CS180 HW3.aux")
LaTeX Font Info:    Checking defaults for OML/cmm/m/it on input line 15.
LaTeX Font Info:    ... okay on input line 15.
LaTeX Font Info:    Checking defaults for T1/cmr/m/n on input line 15.
LaTeX Font Info:    ... okay on input line 15.
LaTeX Font Info:    Checking defaults for OT1/cmr/m/n on input line 15.
LaTeX Font Info:    ... okay on input line 15.
LaTeX Font Info:    Checking defaults for OMS/cmsy/m/n on input line 15.
LaTeX Font Info:    ... okay on input line 15.
LaTeX Font Info:    Checking defaults for OMX/cmex/m/n on input line 15.
LaTeX Font Info:    ... okay on input line 15.
LaTeX Font Info:    Checking defaults for U/cmr/m/n on input line 15.
LaTeX Font Info:    ... okay on input line 15.

*geometry* driver: auto-detecting
*geometry* detected driver: pdftex
*geometry* verbose mode - [ preamble ] result:
* driver: pdftex
* paper: <default>
* layout: <same size as paper>
* layoutoffset:(h,v)=(0.0pt,0.0pt)
* modes: 
* h-part:(L,W,R)=(72.26999pt, 469.75502pt, 72.26999pt)
* v-part:(T,H,B)=(72.26999pt, 650.43001pt, 72.26999pt)
* \paperwidth=614.295pt
* \paperheight=794.96999pt
* \textwidth=469.75502pt
* \textheight=650.43001pt
* \oddsidemargin=0.0pt
* \evensidemargin=0.0pt
* \topmargin=-37.0pt
* \headheight=12.0pt
* \headsep=25.0pt
* \topskip=12.0pt
* \footskip=30.0pt
* \marginparwidth=44.0pt
* \marginparsep=10.0pt
* \columnsep=10.0pt
* \skip\footins=10.8pt plus 4.0pt minus 2.0pt
* \hoffset=0.0pt
* \voffset=0.0pt
* \mag=1000
* \@twocolumnfalse
* \@twosidefalse
* \@mparswitchfalse
* \@reversemarginfalse
* (1in=72.27pt=25.4mm, 1cm=28.453pt)

ABD: EveryShipout initializing macros
("C:\Program Files (x86)\MiKTeX 2.9\tex\context\base\supp-pdf.mkii"
[Loading MPS to PDF converter (version 2006.09.02).]
\scratchcounter=\count135
\scratchdimen=\dimen185
\scratchbox=\box40
\nofMPsegments=\count136
\nofMParguments=\count137
\everyMPshowfont=\toks36
\MPscratchCnt=\count138
\MPscratchDim=\dimen186
\MPnumerator=\count139
\makeMPintoPDFobject=\count140
\everyMPtoPDFconversion=\toks37
)
Package pgfplots notification 'compat/show suggested version=true': you might b
enefit from \pgfplotsset{compat=1.11} (current compat level: 1.7).

\c@lstlisting=\count141
Package caption Info: Begin \AtBeginDocument code.
Package caption Info: subfig package v1.3 is loaded.
Package caption Info: End \AtBeginDocument code.
LaTeX Font Info:    External font `cmex10' loaded for size
(Font)              <14.4> on input line 16.
LaTeX Font Info:    External font `cmex10' loaded for size
(Font)              <7> on input line 16.

LaTeX Warning: No \author given.

LaTeX Font Info:    External font `cmex10' loaded for size
(Font)              <12> on input line 20.
LaTeX Font Info:    External font `cmex10' loaded for size
(Font)              <8> on input line 20.
LaTeX Font Info:    External font `cmex10' loaded for size
(Font)              <6> on input line 20.

Overfull \hbox (239.68205pt too wide) in paragraph at lines 38--39
[][][][][][][][][][][][][][][][][][][][][][][][][][][][][][][][][] 
 []

[1

{C:/Users/Jacob/AppData/Local/MiKTeX/2.9/pdftex/config/pdftex.map}]
Overfull \hbox (126.88225pt too wide) in paragraph at lines 68--69
[][][][][][][][][][][][][][][][][][][][][][][][][][][][][][][][][][][][][][][][
] 
 []


Overfull \hbox (42.2824pt too wide) in paragraph at lines 69--70
[][][][][][][][][][][][][][][][][][][][][][][][][][][][][][][][] 
 []


Overfull \hbox (42.2824pt too wide) in paragraph at lines 70--71
[][][][][][][][][][][][][][][][][][][][][][][][][][][][][][][] 
 []


Overfull \hbox (126.88225pt too wide) in paragraph at lines 71--72
[][][][][][][][][][][][][][][][][][][][][][][][][][][][][][][][][][][][][][][][
] 
 []


Overfull \hbox (42.2824pt too wide) in paragraph at lines 72--73
[][][][][][][][][][][][][][][][][][][][][][][][][][][][][][][][] 
 []


Overfull \hbox (42.2824pt too wide) in paragraph at lines 73--74
[][][][][][][][][][][][][][][][][][][][][][][][][][][][][][] 
 []


Overfull \hbox (7.03246pt too wide) in paragraph at lines 75--76
[][][][][][][][][][][][][][][][][][][][][][][][][][][][][] 
 []


Overfull \hbox (21.13243pt too wide) in paragraph at lines 76--77
[][][][][][][][][][][][][][][][][][][][][][][][][] 
 []

LaTeX Font Info:    Try loading font information for OML+cmr on input line 94.
("C:\Program Files\MiKTeX\tex\latex\base\omlcmr.fd"
File: omlcmr.fd 1999/05/25 v2.5h Standard LaTeX font definitions
)
LaTeX Font Info:    Font shape `OML/cmr/m/n' in size <12> not available
(Font)              Font shape `OML/cmm/m/it' tried instead on input line 94.
 [2]
Missing character: There is no í in font cmr12!
Missing character: There is no ° in font cmr12!
Missing character: There is no € in font cmr12!
 [3] [4]
("C:\Users\Jacob\Documents\cs180-projects\tex\CS180 HW3.aux") ) 
Here is how much of TeX's memory you used:
 23520 strings out of 493921
 578361 string characters out of 3144876
 739023 words of memory out of 3000000
 26435 multiletter control sequences out of 15000+200000
 8194 words of font info for 29 fonts, out of 3000000 for 9000
 841 hyphenation exceptions out of 8191
 76i,6n,114p,771b,1700s stack positions out of 5000i,500n,10000p,200000b,50000s
<C:/Program File
s/MiKTeX/fonts/type1/public/amsfonts/cm/cmbx12.pfb><C:/Program Files/MiKTeX/fon
ts/type1/public/amsfonts/cm/cmmi12.pfb><C:/Program Files/MiKTeX/fonts/type1/pub
lic/amsfonts/cm/cmr12.pfb><C:/Program Files/MiKTeX/fonts/type1/public/amsfonts/
cm/cmr17.pfb><C:/Program Files/MiKTeX/fonts/type1/public/amsfonts/cm/cmr8.pfb><
C:/Program Files/MiKTeX/fonts/type1/public/amsfonts/cm/cmsy10.pfb>
Output written on "CS180 HW3.pdf" (4 pages, 82423 bytes).
PDF statistics:
 42 PDF objects out of 1000 (max. 8388607)
 0 named destinations out of 1000 (max. 500000)
 13 words of extra memory for PDF output out of 10000 (max. 10000000)

